2024-03-01 22:57:19.0910 DEBUG Hosting starting
2024-03-01 22:57:19.2620 INFO User profile is available. Using 'C:\Users\Prakhar\AppData\Local\ASP.NET\DataProtection-Keys' as key repository and Windows DPAPI to encrypt keys at rest.
2024-03-01 22:57:20.2805 DEBUG Reading data from file 'C:\Users\Prakhar\AppData\Local\ASP.NET\DataProtection-Keys\key-56502646-00f7-4879-98e2-079f9e2222c9.xml'.
2024-03-01 22:57:20.2975 DEBUG Found key {56502646-00f7-4879-98e2-079f9e2222c9}.
2024-03-01 22:57:20.3160 DEBUG Considering key {56502646-00f7-4879-98e2-079f9e2222c9} with expiration date 2024-05-21 06:22:31Z as default key.
2024-03-01 22:57:20.3895 DEBUG Forwarded activator type request from Microsoft.AspNetCore.DataProtection.XmlEncryption.DpapiXmlDecryptor, Microsoft.AspNetCore.DataProtection, Version=3.1.32.0, Culture=neutral, PublicKeyToken=adb9793829ddae60 to Microsoft.AspNetCore.DataProtection.XmlEncryption.DpapiXmlDecryptor, Microsoft.AspNetCore.DataProtection, Culture=neutral, PublicKeyToken=adb9793829ddae60
2024-03-01 22:57:20.4085 DEBUG Decrypting secret element using Windows DPAPI.
2024-03-01 22:57:20.4085 DEBUG Forwarded activator type request from Microsoft.AspNetCore.DataProtection.AuthenticatedEncryption.ConfigurationModel.AuthenticatedEncryptorDescriptorDeserializer, Microsoft.AspNetCore.DataProtection, Version=3.1.32.0, Culture=neutral, PublicKeyToken=adb9793829ddae60 to Microsoft.AspNetCore.DataProtection.AuthenticatedEncryption.ConfigurationModel.AuthenticatedEncryptorDescriptorDeserializer, Microsoft.AspNetCore.DataProtection, Culture=neutral, PublicKeyToken=adb9793829ddae60
2024-03-01 22:57:20.4085 DEBUG Opening CNG algorithm 'AES' from provider '(null)' with chaining mode CBC.
2024-03-01 22:57:20.4229 DEBUG Opening CNG algorithm 'SHA256' from provider '(null)' with HMAC.
2024-03-01 22:57:20.4229 DEBUG Using key {56502646-00f7-4879-98e2-079f9e2222c9} as the default key.
2024-03-01 22:57:20.4229 DEBUG Key ring with default key {56502646-00f7-4879-98e2-079f9e2222c9} was loaded during application startup.
2024-03-01 22:57:20.4395 DEBUG Starting host: rabbitmq://localhost/
2024-03-01 22:57:20.5219 DEBUG Connect: guest@localhost:5672/
2024-03-01 22:57:20.9197 DEBUG Connected: guest@localhost:5672/ (address: amqp://localhost:5672, local: 50964)
2024-03-01 22:57:21.2877 DEBUG Loaded hosting startup assembly FunDoNotesApps
2024-03-01 22:57:21.2877 DEBUG Loaded hosting startup assembly Microsoft.AspNetCore.Watch.BrowserRefresh
2024-03-01 22:57:21.2877 DEBUG Loaded hosting startup assembly Microsoft.WebTools.BrowserLink.Net
2024-03-01 22:57:21.2877 INFO Application started. Press Ctrl+C to shut down.
2024-03-01 22:57:21.2877 INFO Hosting environment: Development
2024-03-01 22:57:21.2877 INFO Content root path: C:\Users\Prakhar\trainingday1\Trainingday1new\depp\Codes\FunDoNotesApps\FunDoNotesApps
2024-03-01 22:57:21.2877 DEBUG Hosting started
2024-03-01 22:57:21.3478 INFO Request starting HTTP/2.0 GET https://localhost:44376/swagger/index.html  
2024-03-01 22:57:21.4032 DEBUG Wildcard detected, all requests with hosts will be allowed.
2024-03-01 22:57:21.4948 DEBUG Response markup is scheduled to include browser refresh script injection.
2024-03-01 22:57:21.8413 DEBUG Response markup was updated to include browser refresh script injection.
2024-03-01 22:57:21.8473 INFO Request starting HTTP/2.0 GET https://localhost:44376/_framework/aspnetcore-browser-refresh.js  
2024-03-01 22:57:21.8473 INFO Request finished in 502.6264ms 200 text/html;charset=utf-8
2024-03-01 22:57:21.8473 INFO Request finished in 8.8398ms 200 application/javascript; charset=utf-8
2024-03-01 22:57:22.0319 INFO Request starting HTTP/2.0 GET https://localhost:44376/_vs/browserLink  
2024-03-01 22:57:22.0608 INFO Request finished in 29.361ms 200 text/javascript; charset=UTF-8
2024-03-01 22:57:22.3618 INFO Request starting HTTP/2.0 GET https://localhost:44376/swagger/index.html  
2024-03-01 22:57:22.3618 INFO Request finished in 5.942ms 200 text/html;charset=utf-8
2024-03-01 22:57:22.4626 INFO Request starting HTTP/2.0 GET https://localhost:44376/swagger/v1/swagger.json  
2024-03-01 22:57:22.6466 INFO Request finished in 184.0875ms 200 application/json;charset=utf-8
2024-03-01 22:57:29.9708 INFO Request starting HTTP/2.0 POST https://localhost:44376/api/User/Reg application/json 195
2024-03-01 22:57:29.9708 DEBUG POST requests are not supported
2024-03-01 22:57:29.9708 DEBUG POST requests are not supported
2024-03-01 22:57:30.0044 DEBUG Initializing Razor view compiler with compiled view: '/Pages/Error.cshtml'.
2024-03-01 22:57:30.0044 DEBUG Initializing Razor view compiler with compiled view: '/Pages/Index.cshtml'.
2024-03-01 22:57:30.0044 DEBUG Initializing Razor view compiler with compiled view: '/Pages/Privacy.cshtml'.
2024-03-01 22:57:30.0044 DEBUG Initializing Razor view compiler with compiled view: '/Pages/Shared/_Layout.cshtml'.
2024-03-01 22:57:30.0044 DEBUG Initializing Razor view compiler with compiled view: '/Pages/Shared/_ValidationScriptsPartial.cshtml'.
2024-03-01 22:57:30.0044 DEBUG Initializing Razor view compiler with compiled view: '/Pages/_ViewImports.cshtml'.
2024-03-01 22:57:30.0044 DEBUG Initializing Razor view compiler with compiled view: '/Pages/_ViewStart.cshtml'.
2024-03-01 22:57:30.0594 DEBUG 1 candidate(s) found for the request path '/api/User/Reg'
2024-03-01 22:57:30.0636 DEBUG Endpoint 'FunDoNotesApps.Controllers.UserController.Register (FunDoNotesApps)' with route pattern 'api/User/Reg' is valid for the request path '/api/User/Reg'
2024-03-01 22:57:30.0636 DEBUG Request matched endpoint 'FunDoNotesApps.Controllers.UserController.Register (FunDoNotesApps)'
2024-03-01 22:57:30.0636 INFO Executing endpoint 'FunDoNotesApps.Controllers.UserController.Register (FunDoNotesApps)'
2024-03-01 22:57:30.0798 DEBUG Registered model binder providers, in the following order: Microsoft.AspNetCore.Mvc.ModelBinding.Binders.BinderTypeModelBinderProvider, Microsoft.AspNetCore.Mvc.ModelBinding.Binders.ServicesModelBinderProvider, Microsoft.AspNetCore.Mvc.ModelBinding.Binders.BodyModelBinderProvider, Microsoft.AspNetCore.Mvc.ModelBinding.Binders.HeaderModelBinderProvider, Microsoft.AspNetCore.Mvc.ModelBinding.Binders.FloatingPointTypeModelBinderProvider, Microsoft.AspNetCore.Mvc.ModelBinding.Binders.EnumTypeModelBinderProvider, Microsoft.AspNetCore.Mvc.ModelBinding.Binders.SimpleTypeModelBinderProvider, Microsoft.AspNetCore.Mvc.ModelBinding.Binders.CancellationTokenModelBinderProvider, Microsoft.AspNetCore.Mvc.ModelBinding.Binders.ByteArrayModelBinderProvider, Microsoft.AspNetCore.Mvc.ModelBinding.Binders.FormFileModelBinderProvider, Microsoft.AspNetCore.Mvc.ModelBinding.Binders.FormCollectionModelBinderProvider, Microsoft.AspNetCore.Mvc.ModelBinding.Binders.KeyValuePairModelBinderProvider, Microsoft.AspNetCore.Mvc.ModelBinding.Binders.DictionaryModelBinderProvider, Microsoft.AspNetCore.Mvc.ModelBinding.Binders.ArrayModelBinderProvider, Microsoft.AspNetCore.Mvc.ModelBinding.Binders.CollectionModelBinderProvider, Microsoft.AspNetCore.Mvc.ModelBinding.Binders.ComplexTypeModelBinderProvider
2024-03-01 22:57:30.1470 INFO Route matched with {action = "Register", controller = "User", page = ""}. Executing controller action with signature Microsoft.AspNetCore.Mvc.ActionResult Register(CommonLayer.RequestModels.RegisterModel) on controller FunDoNotesApps.Controllers.UserController (FunDoNotesApps).
2024-03-01 22:57:30.1470 DEBUG Execution plan of authorization filters (in the following order): None
2024-03-01 22:57:30.1470 DEBUG Execution plan of resource filters (in the following order): Microsoft.AspNetCore.Mvc.ViewFeatures.Filters.SaveTempDataFilter
2024-03-01 22:57:30.1470 DEBUG Execution plan of action filters (in the following order): Microsoft.AspNetCore.Mvc.ModelBinding.UnsupportedContentTypeFilter (Order: -3000), Microsoft.AspNetCore.Mvc.Infrastructure.ModelStateInvalidFilter (Order: -2000)
2024-03-01 22:57:30.1470 DEBUG Execution plan of exception filters (in the following order): None
2024-03-01 22:57:30.1470 DEBUG Execution plan of result filters (in the following order): Microsoft.AspNetCore.Mvc.ViewFeatures.Filters.SaveTempDataFilter, Microsoft.AspNetCore.Mvc.Infrastructure.ClientErrorResultFilter (Order: -2000)
2024-03-01 22:57:30.1470 DEBUG Executing controller factory for controller FunDoNotesApps.Controllers.UserController (FunDoNotesApps)
2024-03-01 22:57:30.3642 DEBUG An 'IServiceProvider' was created for internal use by Entity Framework.
2024-03-01 22:57:30.3948 DEBUG Executed controller factory for controller FunDoNotesApps.Controllers.UserController (FunDoNotesApps)
2024-03-01 22:57:30.4060 DEBUG Attempting to bind parameter 'model' of type 'CommonLayer.RequestModels.RegisterModel' ...
2024-03-01 22:57:30.4060 DEBUG Attempting to bind parameter 'model' of type 'CommonLayer.RequestModels.RegisterModel' using the name '' in request data ...
2024-03-01 22:57:30.4060 DEBUG Selected input formatter 'Microsoft.AspNetCore.Mvc.Formatters.SystemTextJsonInputFormatter' for content type 'application/json'.
2024-03-01 22:57:30.4394 DEBUG JSON input formatter succeeded, deserializing to type 'CommonLayer.RequestModels.RegisterModel'
2024-03-01 22:57:30.4394 DEBUG Done attempting to bind parameter 'model' of type 'CommonLayer.RequestModels.RegisterModel'.
2024-03-01 22:57:30.4394 DEBUG Done attempting to bind parameter 'model' of type 'CommonLayer.RequestModels.RegisterModel'.
2024-03-01 22:57:30.4394 DEBUG Attempting to validate the bound parameter 'model' of type 'CommonLayer.RequestModels.RegisterModel' ...
2024-03-01 22:57:30.4394 DEBUG Done attempting to validate the bound parameter 'model' of type 'CommonLayer.RequestModels.RegisterModel'.
2024-03-01 22:57:33.0340 DEBUG List of registered output formatters, in the following order: Microsoft.AspNetCore.Mvc.Formatters.HttpNoContentOutputFormatter, Microsoft.AspNetCore.Mvc.Formatters.StringOutputFormatter, Microsoft.AspNetCore.Mvc.Formatters.StreamOutputFormatter, Microsoft.AspNetCore.Mvc.Formatters.SystemTextJsonOutputFormatter
2024-03-01 22:57:33.0340 DEBUG No information found on request to perform content negotiation.
2024-03-01 22:57:33.0340 DEBUG Attempting to select an output formatter without using a content type as no explicit content types were specified for the response.
2024-03-01 22:57:33.0340 DEBUG Attempting to select the first formatter in the output formatters list which can write the result.
2024-03-01 22:57:33.0340 DEBUG Selected output formatter 'Microsoft.AspNetCore.Mvc.Formatters.SystemTextJsonOutputFormatter' and content type 'application/json' to write the response.
2024-03-01 22:57:33.0340 INFO Executing ObjectResult, writing value of type 'CommonLayer.ResponseModel.ResModel`1[[RepositoryLayer.Entity.UserEntity, RepositoryLayer, Version=1.0.0.0, Culture=neutral, PublicKeyToken=null]]'.
2024-03-01 22:57:33.0578 INFO Executed action FunDoNotesApps.Controllers.UserController.Register (FunDoNotesApps) in 2901.0699ms
2024-03-01 22:57:33.0578 INFO Executed endpoint 'FunDoNotesApps.Controllers.UserController.Register (FunDoNotesApps)'
2024-03-01 22:57:33.0578 INFO Request finished in 3090.1521ms 400 application/json; charset=utf-8
2024-03-01 23:52:42.9364 DEBUG Hosting starting
2024-03-01 23:52:43.0811 INFO User profile is available. Using 'C:\Users\Prakhar\AppData\Local\ASP.NET\DataProtection-Keys' as key repository and Windows DPAPI to encrypt keys at rest.
2024-03-01 23:52:44.1187 DEBUG Reading data from file 'C:\Users\Prakhar\AppData\Local\ASP.NET\DataProtection-Keys\key-56502646-00f7-4879-98e2-079f9e2222c9.xml'.
2024-03-01 23:52:44.1323 DEBUG Found key {56502646-00f7-4879-98e2-079f9e2222c9}.
2024-03-01 23:52:44.1468 DEBUG Considering key {56502646-00f7-4879-98e2-079f9e2222c9} with expiration date 2024-05-21 06:22:31Z as default key.
2024-03-01 23:52:44.2026 DEBUG Forwarded activator type request from Microsoft.AspNetCore.DataProtection.XmlEncryption.DpapiXmlDecryptor, Microsoft.AspNetCore.DataProtection, Version=3.1.32.0, Culture=neutral, PublicKeyToken=adb9793829ddae60 to Microsoft.AspNetCore.DataProtection.XmlEncryption.DpapiXmlDecryptor, Microsoft.AspNetCore.DataProtection, Culture=neutral, PublicKeyToken=adb9793829ddae60
2024-03-01 23:52:44.2189 DEBUG Decrypting secret element using Windows DPAPI.
2024-03-01 23:52:44.2189 DEBUG Forwarded activator type request from Microsoft.AspNetCore.DataProtection.AuthenticatedEncryption.ConfigurationModel.AuthenticatedEncryptorDescriptorDeserializer, Microsoft.AspNetCore.DataProtection, Version=3.1.32.0, Culture=neutral, PublicKeyToken=adb9793829ddae60 to Microsoft.AspNetCore.DataProtection.AuthenticatedEncryption.ConfigurationModel.AuthenticatedEncryptorDescriptorDeserializer, Microsoft.AspNetCore.DataProtection, Culture=neutral, PublicKeyToken=adb9793829ddae60
2024-03-01 23:52:44.2189 DEBUG Opening CNG algorithm 'AES' from provider '(null)' with chaining mode CBC.
2024-03-01 23:52:44.2189 DEBUG Opening CNG algorithm 'SHA256' from provider '(null)' with HMAC.
2024-03-01 23:52:44.2377 DEBUG Using key {56502646-00f7-4879-98e2-079f9e2222c9} as the default key.
2024-03-01 23:52:44.2377 DEBUG Key ring with default key {56502646-00f7-4879-98e2-079f9e2222c9} was loaded during application startup.
2024-03-01 23:52:44.2377 DEBUG Starting host: rabbitmq://localhost/
2024-03-01 23:52:44.3473 DEBUG Connect: guest@localhost:5672/
2024-03-01 23:52:44.8292 DEBUG Connected: guest@localhost:5672/ (address: amqp://localhost:5672, local: 51474)
2024-03-01 23:52:45.0795 DEBUG Loaded hosting startup assembly FunDoNotesApps
2024-03-01 23:52:45.0795 DEBUG Loaded hosting startup assembly Microsoft.AspNetCore.Watch.BrowserRefresh
2024-03-01 23:52:45.0795 DEBUG Loaded hosting startup assembly Microsoft.WebTools.BrowserLink.Net
2024-03-01 23:52:45.0795 INFO Application started. Press Ctrl+C to shut down.
2024-03-01 23:52:45.0795 INFO Hosting environment: Development
2024-03-01 23:52:45.0795 INFO Content root path: C:\Users\Prakhar\trainingday1\Trainingday1new\depp\Codes\FunDoNotesApps\FunDoNotesApps
2024-03-01 23:52:45.0795 DEBUG Hosting started
2024-03-01 23:52:45.1436 INFO Request starting HTTP/2.0 GET https://localhost:44376/swagger/index.html  
2024-03-01 23:52:45.2025 DEBUG Wildcard detected, all requests with hosts will be allowed.
2024-03-01 23:52:45.3000 DEBUG Response markup is scheduled to include browser refresh script injection.
2024-03-01 23:52:45.5011 DEBUG Response markup was updated to include browser refresh script injection.
2024-03-01 23:52:45.5011 INFO Request finished in 369.9581ms 200 text/html;charset=utf-8
2024-03-01 23:52:45.5149 INFO Request starting HTTP/2.0 GET https://localhost:44376/_framework/aspnetcore-browser-refresh.js  
2024-03-01 23:52:45.5450 INFO Request finished in 30.0866ms 200 application/javascript; charset=utf-8
2024-03-01 23:52:45.7593 INFO Request starting HTTP/2.0 GET https://localhost:44376/_vs/browserLink  
2024-03-01 23:52:45.7879 INFO Request finished in 28.5954ms 200 text/javascript; charset=UTF-8
2024-03-01 23:52:46.1299 INFO Request starting HTTP/2.0 GET https://localhost:44376/swagger/index.html  
2024-03-01 23:52:46.1299 INFO Request finished in 6.3884ms 200 text/html;charset=utf-8
2024-03-01 23:52:46.2600 INFO Request starting HTTP/2.0 GET https://localhost:44376/swagger/v1/swagger.json  
2024-03-01 23:52:46.4496 INFO Request finished in 189.6922ms 200 application/json;charset=utf-8
